Flutter crash report; please file at https://github.com/flutter/flutter/issues.

## command

flutter run

## exception

TimeoutException: TimeoutException: Request to Dart VM Service timed out: getVM({})

```
#0      VM.invokeRpcRaw (package:flutter_tools/src/vmservice.dart:834:9)
<asynchronous suspension>
#1      VM._fetchDirect (package:flutter_tools/src/vmservice.dart:653:50)
#2      ServiceObject.reload (package:flutter_tools/src/vmservice.dart:501:53)
<asynchronous suspension>
#3      VM.refreshViews (package:flutter_tools/src/vmservice.dart:965:13)
<asynchronous suspension>
#4      FlutterDevice.refreshViews (package:flutter_tools/src/resident_runner.dart:90:30)
<asynchronous suspension>
#5      ResidentRunner.refreshViews (package:flutter_tools/src/resident_runner.dart:511:26)
<asynchronous suspension>
#6      HotRunner.attach (package:flutter_tools/src/run_hot.dart:205:11)
<asynchronous suspension>
#7      HotRunner.run (package:flutter_tools/src/run_hot.dart:285:12)
<asynchronous suspension>
#8      RunCommand.runCommand (package:flutter_tools/src/commands/run.dart:378:37)
<asynchronous suspension>
#9      FlutterCommand.verifyThenRunCommand (package:flutter_tools/src/runner/flutter_command.dart:538:18)
#10     _asyncThenWrapperHelper.<anonymous closure> (dart:async/runtime/libasync_patch.dart:77:64)
#11     _rootRunUnary (dart:async/zone.dart:1132:38)
#12     _CustomZone.runUnary (dart:async/zone.dart:1029:19)
#13     _FutureListener.handleValue (dart:async/future_impl.dart:126:18)
#14     Future._propagateToListeners.handleValueCallback (dart:async/future_impl.dart:639:45)
#15     Future._propagateToListeners (dart:async/future_impl.dart:668:32)
#16     Future._complete (dart:async/future_impl.dart:473:7)
#17     _SyncCompleter.complete (dart:async/future_impl.dart:51:12)
#18     _AsyncAwaitCompleter.complete (dart:async/runtime/libasync_patch.dart:28:18)
#19     _completeOnAsyncReturn (dart:async/runtime/libasync_patch.dart:294:13)
#20     RunCommand.usageValues (package:flutter_tools/src/commands/run.dart)
#21     _asyncThenWrapperHelper.<anonymous closure> (dart:async/runtime/libasync_patch.dart:77:64)
#22     _rootRunUnary (dart:async/zone.dart:1132:38)
#23     _CustomZone.runUnary (dart:async/zone.dart:1029:19)
#24     _FutureListener.handleValue (dart:async/future_impl.dart:126:18)
#25     Future._propagateToListeners.handleValueCallback (dart:async/future_impl.dart:639:45)
#26     Future._propagateToListeners (dart:async/future_impl.dart:668:32)
#27     Future._complete (dart:async/future_impl.dart:473:7)
#28     _SyncCompleter.complete (dart:async/future_impl.dart:51:12)
#29     _AsyncAwaitCompleter.complete.<anonymous closure> (dart:async/runtime/libasync_patch.dart:33:20)
#30     _rootRun (dart:async/zone.dart:1124:13)
#31     _CustomZone.run (dart:async/zone.dart:1021:19)
#32     _CustomZone.bindCallback.<anonymous closure> (dart:async/zone.dart:947:23)
#33     _microtaskLoop (dart:async/schedule_microtask.dart:41:21)
#34     _startMicrotaskLoop (dart:async/schedule_microtask.dart:50:5)
#35     _runPendingImmediateCallback (dart:isolate/runtime/libisolate_patch.dart:115:13)
#36     _RawReceivePortImpl._handleMessage (dart:isolate/runtime/libisolate_patch.dart:172:5)
```

## flutter doctor

```
[32m[✓][39m Flutter (Channel beta, v1.1.8, on Mac OS X 10.12.6 16G29, locale en-US)
    [32m•[39m Flutter version 1.1.8 at /Users/anika/Downloads/flutter
    [32m•[39m Framework revision 985ccb6d14 (9 weeks ago), 2019-01-08 13:45:55 -0800
    [32m•[39m Engine revision 7112b72cc2
    [32m•[39m Dart version 2.1.1 (build 2.1.1-dev.0.1 ec86471ccc)

[33m[!][39m Android toolchain - develop for Android devices (Android SDK version 28.0.3)
    [32m•[39m Android SDK at /Users/anika/Library/Android/sdk
    [32m•[39m Android NDK location not configured (optional; useful for native profiling support)
    [32m•[39m Platform android-28, build-tools 28.0.3
    [32m•[39m ANDROID_HOME = /Users/anika/Library/Android/sdk
    [32m•[39m Java binary at: /Applications/Android Studio.app/Contents/jre/jdk/Contents/Home/bin/java
    [32m•[39m Java version OpenJDK Runtime Environment (build 1.8.0_152-release-1248-b01)
    [33m![39m Some Android licenses not accepted.  To resolve this, run: flutter doctor --android-licenses

[33m[!][39m iOS toolchain - develop for iOS devices (Xcode 8.3.3)
    [32m•[39m Xcode at /Applications/Xcode.app/Contents/Developer
    [32m•[39m Xcode 8.3.3, Build version 8E3004b
    [31m✗[39m Flutter requires a minimum Xcode version of 9.0.0.
      Download the latest version or update via the Mac App Store.
    [31m✗[39m libimobiledevice and ideviceinstaller are not installed. To install with Brew, run:
        brew update
        brew install --HEAD usbmuxd
        brew link usbmuxd
        brew install --HEAD libimobiledevice
        brew install ideviceinstaller
    [31m✗[39m ios-deploy not installed. To install:
        brew install ios-deploy
    [31m✗[39m CocoaPods not installed.
        CocoaPods is used to retrieve the iOS platform side's plugin code that responds to your plugin usage on
        the Dart side.
        Without resolving iOS dependencies with CocoaPods, plugins will not work on iOS.
        For more info, see https://flutter.io/platform-plugins
      To install:
        brew install cocoapods
        pod setup

[32m[✓][39m Android Studio (version 3.3)
    [32m•[39m Android Studio at /Applications/Android Studio.app/Contents
    [32m•[39m Flutter plugin version 33.1.1
    [32m•[39m Dart plugin version 182.5215
    [32m•[39m Java version OpenJDK Runtime Environment (build 1.8.0_152-release-1248-b01)

[32m[✓][39m Connected device (1 available)
    [32m•[39m Redmi 5 • 21653c9e7d94 • android-arm64 • Android 7.1.2 (API 25)

[33m![39m Doctor found issues in 2 categories.
```
